2024-04-12 23:04:36,737 - INFO - System zarządzania zasobami został zainicjowany.
2024-04-12 23:04:45,432 - INFO - Zasób '' został dodany do systemu.
2024-04-12 23:04:47,154 - INFO - Zasób '' został pomyślnie dodany przez użytkownika.
2024-04-12 23:04:56,345 - INFO - Wygenerowano listę dostępnych zasobów.
2024-04-12 23:04:58,187 - INFO - Wyświetlono listę zasobów.
2024-04-12 23:05:46,023 - INFO - System zarządzania zasobami został zainicjowany.
2024-04-12 23:09:59,314 - INFO - Zasób '' został dodany do systemu.
2024-04-12 23:10:00,405 - INFO - Zasób '' został pomyślnie dodany przez użytkownika.
2024-04-12 23:10:04,998 - INFO - System zarządzania zasobami został zainicjowany.
2024-04-12 23:10:38,168 - INFO - System zarządzania zasobami został zainicjowany.
2024-04-12 23:10:59,520 - INFO - System zarządzania zasobami został zainicjowany.
2024-04-12 23:37:34,081 - INFO - Zasób 'kk' został dodany do systemu.
2024-04-12 23:37:37,939 - INFO - Wygenerowano listę dostępnych zasobów.
2024-04-12 23:37:41,665 - WARNING - Próba dodania zasobu, który już istnieje: 'kk'.
2024-04-13 08:33:16,525 - INFO - Zasób 'assasa' dla sezonu '' został dodany do systemu.
2024-04-13 08:33:19,811 - INFO - Wygenerowano listę dostępnych zasobów.
2024-04-13 08:33:23,468 - WARNING - Próba dodania zasobu, który już istnieje: 'assasa' dla sezonu ''.
2024-04-13 10:21:04,236 - INFO - Zasób 'qwerrr' został dodany do systemu.
2024-04-13 10:21:06,935 - INFO - Wygenerowano listę dostępnych zasobów.
2024-04-13 11:40:50,665 - INFO - Zasób '' został dodany do systemu.
2024-04-13 11:42:17,133 - INFO - Zasób '' został dodany do systemu.
2024-04-13 11:46:43,895 - INFO - Zasób 'qwee' został dodany do systemu.
2024-04-13 11:46:52,103 - INFO - Zasób 'q1111' został dodany do systemu.
2024-04-13 11:46:54,436 - INFO - Wygenerowano listę dostępnych zasobów.
2024-04-13 11:50:15,982 - INFO - Wygenerowano listę dostępnych zasobów.
2024-04-13 12:08:47,024 - INFO - Zasób '' został dodany do systemu.
2024-04-13 12:08:49,993 - WARNING - Próba dodania zasobu, który już istnieje: ''.
2024-04-13 12:12:15,407 - INFO - Wygenerowano listę dostępnych zasobów.
2024-04-13 12:12:39,047 - INFO - Wygenerowano listę dostępnych zasobów.
2024-04-13 12:12:40,802 - INFO - Zasób '' został dodany do systemu.
2024-04-13 12:13:08,410 - INFO - Zasób '' został dodany do systemu.
2024-04-13 12:13:14,024 - INFO - Zasób 'lkll' został dodany do systemu.
2024-04-13 12:13:16,589 - INFO - Wygenerowano listę dostępnych zasobów.
2024-04-13 12:35:07,262 - INFO - Wygenerowano listę dostępnych zasobów.
